<?xml version="1.0" encoding="UTF-8"?>
<robot generator="Robot 3.2.2 (Python 3.8.6 on win32)" generated="20211126 19:24:33.404" rpa="false">
<suite id="s1" name="Automation" source="C:\Users\warung pintar\Documents\sheila\efishery\automation.robot">
<test id="s1-t1" name="Open Youtube Music">
<kw name="Given Open Youtube Music website in chrome">
<kw name="Open Browser" library="Selenium2Library">
<doc>Opens a new browser instance to the optional ``url``.</doc>
<arguments>
<arg>${url}</arg>
<arg>${browser}</arg>
</arguments>
<msg timestamp="20211126 19:24:33.583" level="INFO">Opening browser 'chrome' to base url 'https://music.youtube.com/'.</msg>
<status status="PASS" starttime="20211126 19:24:33.583" endtime="20211126 19:24:36.954"></status>
</kw>
<kw name="Maximize Browser Window" library="Selenium2Library">
<doc>Maximizes current browser window.</doc>
<status status="PASS" starttime="20211126 19:24:36.954" endtime="20211126 19:24:37.305"></status>
</kw>
<status status="PASS" starttime="20211126 19:24:33.583" endtime="20211126 19:24:37.305"></status>
</kw>
<kw name="Then User will see Youtube Music landing home page">
<kw name="Verify Home button">
<kw name="Wait Until Page Contains Element" library="Selenium2Library">
<doc>Waits until the element ``locator`` appears on the current page.</doc>
<arguments>
<arg>${home_btn}</arg>
</arguments>
<status status="PASS" starttime="20211126 19:24:37.306" endtime="20211126 19:24:37.423"></status>
</kw>
<status status="PASS" starttime="20211126 19:24:37.306" endtime="20211126 19:24:37.423"></status>
</kw>
<kw name="Verify Explore button">
<kw name="Wait Until Page Contains Element" library="Selenium2Library">
<doc>Waits until the element ``locator`` appears on the current page.</doc>
<arguments>
<arg>${explore_btn}</arg>
</arguments>
<status status="PASS" starttime="20211126 19:24:37.423" endtime="20211126 19:24:37.507"></status>
</kw>
<status status="PASS" starttime="20211126 19:24:37.423" endtime="20211126 19:24:37.507"></status>
</kw>
<kw name="Verify Library button">
<kw name="Wait Until Page Contains Element" library="Selenium2Library">
<doc>Waits until the element ``locator`` appears on the current page.</doc>
<arguments>
<arg>${library_btn}</arg>
</arguments>
<status status="PASS" starttime="20211126 19:24:37.508" endtime="20211126 19:24:37.523"></status>
</kw>
<status status="PASS" starttime="20211126 19:24:37.508" endtime="20211126 19:24:37.523"></status>
</kw>
<kw name="Verify Search button">
<kw name="Wait Until Page Contains Element" library="Selenium2Library">
<doc>Waits until the element ``locator`` appears on the current page.</doc>
<arguments>
<arg>${search_btn}</arg>
</arguments>
<status status="PASS" starttime="20211126 19:24:37.523" endtime="20211126 19:24:37.539"></status>
</kw>
<status status="PASS" starttime="20211126 19:24:37.523" endtime="20211126 19:24:37.539"></status>
</kw>
<status status="PASS" starttime="20211126 19:24:37.306" endtime="20211126 19:24:37.539"></status>
</kw>
<status status="PASS" starttime="20211126 19:24:33.582" endtime="20211126 19:24:37.539" critical="yes"></status>
</test>
<test id="s1-t2" name="Go To Explore Page">
<kw name="Given User on Home page">
<kw name="Verify Home button">
<kw name="Wait Until Page Contains Element" library="Selenium2Library">
<doc>Waits until the element ``locator`` appears on the current page.</doc>
<arguments>
<arg>${home_btn}</arg>
</arguments>
<status status="PASS" starttime="20211126 19:24:37.542" endtime="20211126 19:24:37.552"></status>
</kw>
<status status="PASS" starttime="20211126 19:24:37.541" endtime="20211126 19:24:37.552"></status>
</kw>
<status status="PASS" starttime="20211126 19:24:37.541" endtime="20211126 19:24:37.552"></status>
</kw>
<kw name="When Click Explore button">
<kw name="Click Element" library="Selenium2Library">
<doc>Click the element identified by ``locator``.</doc>
<arguments>
<arg>${explore_btn}</arg>
</arguments>
<msg timestamp="20211126 19:24:37.553" level="INFO">Clicking element '//*[@tab-id='FEmusic_explore']'.</msg>
<status status="PASS" starttime="20211126 19:24:37.552" endtime="20211126 19:24:37.677"></status>
</kw>
<kw name="Sleep" library="BuiltIn">
<doc>Pauses the test executed for the given time.</doc>
<arguments>
<arg>2 second</arg>
</arguments>
<msg timestamp="20211126 19:24:39.692" level="INFO">Slept 2 seconds</msg>
<status status="PASS" starttime="20211126 19:24:37.677" endtime="20211126 19:24:39.693"></status>
</kw>
<status status="PASS" starttime="20211126 19:24:37.552" endtime="20211126 19:24:39.693"></status>
</kw>
<kw name="Then User will see Explore page">
<kw name="Wait Until Page Contains Element" library="Selenium2Library">
<doc>Waits until the element ``locator`` appears on the current page.</doc>
<arguments>
<arg>${charts_menu}</arg>
</arguments>
<status status="PASS" starttime="20211126 19:24:39.697" endtime="20211126 19:24:39.736"></status>
</kw>
<status status="PASS" starttime="20211126 19:24:39.695" endtime="20211126 19:24:39.736"></status>
</kw>
<status status="PASS" starttime="20211126 19:24:37.541" endtime="20211126 19:24:39.736" critical="yes"></status>
</test>
<test id="s1-t3" name="Search a Singer">
<kw name="Given User on Explore page">
<kw name="Wait Until Page Contains Element" library="Selenium2Library">
<doc>Waits until the element ``locator`` appears on the current page.</doc>
<arguments>
<arg>${charts_menu}</arg>
</arguments>
<status status="PASS" starttime="20211126 19:24:39.739" endtime="20211126 19:24:39.748"></status>
</kw>
<status status="PASS" starttime="20211126 19:24:39.739" endtime="20211126 19:24:39.748"></status>
</kw>
<kw name="When Click Search button">
<kw name="Click Element" library="Selenium2Library">
<doc>Click the element identified by ``locator``.</doc>
<arguments>
<arg>${search_btn}</arg>
</arguments>
<msg timestamp="20211126 19:24:39.749" level="INFO">Clicking element '//*[contains(@class, 'ytmusic-search-box') and text() = 'Search']'.</msg>
<status status="PASS" starttime="20211126 19:24:39.749" endtime="20211126 19:24:39.791"></status>
</kw>
<kw name="Sleep" library="BuiltIn">
<doc>Pauses the test executed for the given time.</doc>
<arguments>
<arg>2 second</arg>
</arguments>
<msg timestamp="20211126 19:24:41.799" level="INFO">Slept 2 seconds</msg>
<status status="PASS" starttime="20211126 19:24:39.791" endtime="20211126 19:24:41.799"></status>
</kw>
<status status="PASS" starttime="20211126 19:24:39.749" endtime="20211126 19:24:41.799"></status>
</kw>
<kw name="And Type a Singer Lewis Capaldi">
<kw name="Input Text" library="Selenium2Library">
<doc>Types the given ``text`` into the text field identified by ``locator``.</doc>
<arguments>
<arg>${search_inputText}</arg>
<arg>Lewis Capaldi</arg>
</arguments>
<msg timestamp="20211126 19:24:41.800" level="INFO">Typing text 'Lewis Capaldi' into text field '//*[@class='style-scope ytmusic-search-box' and @id='input']'.</msg>
<status status="PASS" starttime="20211126 19:24:41.800" endtime="20211126 19:24:41.916"></status>
</kw>
<kw name="Press Keys" library="Selenium2Library">
<doc>Simulates the user pressing key(s) to an element or on the active browser.</doc>
<arguments>
<arg>${search_inputText}</arg>
<arg>ENTER</arg>
</arguments>
<msg timestamp="20211126 19:24:41.917" level="INFO">Sending key(s) ('ENTER',) to //*[@class='style-scope ytmusic-search-box' and @id='input'] element.</msg>
<msg timestamp="20211126 19:24:42.214" level="INFO">Pressing special key ENTER to element.</msg>
<msg timestamp="20211126 19:24:42.214" level="INFO">Releasing special key ENTER.</msg>
<status status="PASS" starttime="20211126 19:24:41.916" endtime="20211126 19:24:42.260"></status>
</kw>
<status status="PASS" starttime="20211126 19:24:41.800" endtime="20211126 19:24:42.260"></status>
</kw>
<kw name="Then Lewis Capaldi's Songs Will be Displayed">
<kw name="Wait Until Page Contains Element" library="Selenium2Library">
<doc>Waits until the element ``locator`` appears on the current page.</doc>
<arguments>
<arg>${result_search}</arg>
</arguments>
<status status="PASS" starttime="20211126 19:24:42.261" endtime="20211126 19:24:43.486"></status>
</kw>
<status status="PASS" starttime="20211126 19:24:42.261" endtime="20211126 19:24:43.486"></status>
</kw>
<status status="PASS" starttime="20211126 19:24:39.738" endtime="20211126 19:24:43.487" critical="yes"></status>
</test>
<test id="s1-t4" name="Play the Song">
<kw name="Given List of Song">
<kw name="Wait Until Page Contains Element" library="Selenium2Library">
<doc>Waits until the element ``locator`` appears on the current page.</doc>
<arguments>
<arg>${list_of_song}</arg>
</arguments>
<status status="PASS" starttime="20211126 19:24:43.490" endtime="20211126 19:24:43.558"></status>
</kw>
<status status="PASS" starttime="20211126 19:24:43.489" endtime="20211126 19:24:43.558"></status>
</kw>
<kw name="When Click Song Title">
<kw name="Set Focus To Element" library="Selenium2Library">
<doc>Sets the focus to the element identified by ``locator``.</doc>
<arguments>
<arg>${song_title}</arg>
</arguments>
<status status="PASS" starttime="20211126 19:24:43.559" endtime="20211126 19:24:43.580"></status>
</kw>
<kw name="Click Element" library="Selenium2Library">
<doc>Click the element identified by ``locator``.</doc>
<arguments>
<arg>${song_title}</arg>
</arguments>
<msg timestamp="20211126 19:24:43.581" level="INFO">Clicking element '//a[@href="watch?v=pRIZohFFOMo&amp;list=RDAMVMpRIZohFFOMo"]'.</msg>
<status status="PASS" starttime="20211126 19:24:43.581" endtime="20211126 19:24:43.698"></status>
</kw>
<status status="PASS" starttime="20211126 19:24:43.559" endtime="20211126 19:24:43.698"></status>
</kw>
<kw name="Then The Song Will Play">
<kw name="Wait Until Page Contains Element" library="Selenium2Library">
<doc>Waits until the element ``locator`` appears on the current page.</doc>
<arguments>
<arg>${play_pause_button}</arg>
</arguments>
<status status="PASS" starttime="20211126 19:24:43.699" endtime="20211126 19:24:43.729"></status>
</kw>
<status status="PASS" starttime="20211126 19:24:43.699" endtime="20211126 19:24:43.729"></status>
</kw>
<status status="PASS" starttime="20211126 19:24:43.489" endtime="20211126 19:24:43.729" critical="yes"></status>
</test>
<test id="s1-t5" name="Pause the Song">
<kw name="Given Song is Playing">
<kw name="Wait Until Page Contains Element" library="Selenium2Library">
<doc>Waits until the element ``locator`` appears on the current page.</doc>
<arguments>
<arg>${play_pause_button}</arg>
</arguments>
<status status="PASS" starttime="20211126 19:24:43.732" endtime="20211126 19:24:43.747"></status>
</kw>
<kw name="Sleep" library="BuiltIn">
<doc>Pauses the test executed for the given time.</doc>
<arguments>
<arg>7 second</arg>
</arguments>
<msg timestamp="20211126 19:24:50.762" level="INFO">Slept 7 seconds</msg>
<status status="PASS" starttime="20211126 19:24:43.748" endtime="20211126 19:24:50.762"></status>
</kw>
<kw name="Wait Until Page Contains Element" library="Selenium2Library">
<doc>Waits until the element ``locator`` appears on the current page.</doc>
<arguments>
<arg>${skip_ad}</arg>
</arguments>
<status status="PASS" starttime="20211126 19:24:50.762" endtime="20211126 19:24:50.782"></status>
</kw>
<kw name="Click Element" library="Selenium2Library">
<doc>Click the element identified by ``locator``.</doc>
<arguments>
<arg>${skip_ad}</arg>
</arguments>
<msg timestamp="20211126 19:24:50.783" level="INFO">Clicking element '//*[@class='ytp-ad-skip-button-icon']'.</msg>
<status status="PASS" starttime="20211126 19:24:50.783" endtime="20211126 19:24:50.865"></status>
</kw>
<kw name="Sleep" library="BuiltIn">
<doc>Pauses the test executed for the given time.</doc>
<arguments>
<arg>5 second</arg>
</arguments>
<msg timestamp="20211126 19:24:55.868" level="INFO">Slept 5 seconds</msg>
<status status="PASS" starttime="20211126 19:24:50.865" endtime="20211126 19:24:55.868"></status>
</kw>
<status status="PASS" starttime="20211126 19:24:43.731" endtime="20211126 19:24:55.868"></status>
</kw>
<kw name="When Click Pause button">
<kw name="Wait Until Page Contains Element" library="Selenium2Library">
<doc>Waits until the element ``locator`` appears on the current page.</doc>
<arguments>
<arg>${play_pause_button}</arg>
</arguments>
<status status="PASS" starttime="20211126 19:24:55.869" endtime="20211126 19:24:55.882"></status>
</kw>
<kw name="Set Focus To Element" library="Selenium2Library">
<doc>Sets the focus to the element identified by ``locator``.</doc>
<arguments>
<arg>${play_pause_button}</arg>
</arguments>
<status status="PASS" starttime="20211126 19:24:55.882" endtime="20211126 19:24:55.909"></status>
</kw>
<kw name="Click Element" library="Selenium2Library">
<doc>Click the element identified by ``locator``.</doc>
<arguments>
<arg>${play_pause_button}</arg>
</arguments>
<msg timestamp="20211126 19:24:55.909" level="INFO">Clicking element '//*[@id="play-pause-button"]'.</msg>
<status status="PASS" starttime="20211126 19:24:55.909" endtime="20211126 19:24:55.964"></status>
</kw>
<status status="PASS" starttime="20211126 19:24:55.869" endtime="20211126 19:24:55.964"></status>
</kw>
<kw name="Then The Song Pause">
<kw name="Wait Until Page Contains Element" library="Selenium2Library">
<doc>Waits until the element ``locator`` appears on the current page.</doc>
<arguments>
<arg>${play_button_bottom_bar}</arg>
</arguments>
<status status="PASS" starttime="20211126 19:24:55.965" endtime="20211126 19:24:56.266"></status>
</kw>
<status status="PASS" starttime="20211126 19:24:55.965" endtime="20211126 19:24:56.266"></status>
</kw>
<status status="PASS" starttime="20211126 19:24:43.730" endtime="20211126 19:24:56.268" critical="yes"></status>
</test>
<test id="s1-t6" name="Play Next Song">
<kw name="Given The Song Pause">
<kw name="Wait Until Page Contains Element" library="Selenium2Library">
<doc>Waits until the element ``locator`` appears on the current page.</doc>
<arguments>
<arg>${play_button_bottom_bar}</arg>
</arguments>
<status status="PASS" starttime="20211126 19:24:56.272" endtime="20211126 19:24:56.291"></status>
</kw>
<status status="PASS" starttime="20211126 19:24:56.271" endtime="20211126 19:24:56.291"></status>
</kw>
<kw name="When Click Next button">
<kw name="Click Element" library="Selenium2Library">
<doc>Click the element identified by ``locator``.</doc>
<arguments>
<arg>${next_button}</arg>
</arguments>
<msg timestamp="20211126 19:24:56.292" level="INFO">Clicking element '//*[@title='Next song']'.</msg>
<status status="PASS" starttime="20211126 19:24:56.292" endtime="20211126 19:24:56.624"></status>
</kw>
<kw name="Wait Until Page Contains Element" library="Selenium2Library">
<doc>Waits until the element ``locator`` appears on the current page.</doc>
<arguments>
<arg>${play_pause_button}</arg>
</arguments>
<status status="PASS" starttime="20211126 19:24:56.625" endtime="20211126 19:24:56.726"></status>
</kw>
<kw name="Sleep" library="BuiltIn">
<doc>Pauses the test executed for the given time.</doc>
<arguments>
<arg>3 second</arg>
</arguments>
<msg timestamp="20211126 19:24:59.726" level="INFO">Slept 3 seconds</msg>
<status status="PASS" starttime="20211126 19:24:56.726" endtime="20211126 19:24:59.726"></status>
</kw>
<status status="PASS" starttime="20211126 19:24:56.291" endtime="20211126 19:24:59.726"></status>
</kw>
<kw name="Then The Next Song Will Play">
<kw name="Wait Until Page Contains Element" library="Selenium2Library">
<doc>Waits until the element ``locator`` appears on the current page.</doc>
<arguments>
<arg>${play_pause_button}</arg>
</arguments>
<status status="PASS" starttime="20211126 19:24:59.727" endtime="20211126 19:24:59.740"></status>
</kw>
<status status="PASS" starttime="20211126 19:24:59.727" endtime="20211126 19:24:59.740"></status>
</kw>
<status status="PASS" starttime="20211126 19:24:56.270" endtime="20211126 19:24:59.741" critical="yes"></status>
</test>
<test id="s1-t7" name="Play Previous Song">
<kw name="Given The Next Song is Playing">
<kw name="Wait Until Page Contains Element" library="Selenium2Library">
<doc>Waits until the element ``locator`` appears on the current page.</doc>
<arguments>
<arg>${play_pause_button}</arg>
</arguments>
<status status="PASS" starttime="20211126 19:24:59.743" endtime="20211126 19:24:59.754"></status>
</kw>
<kw name="Sleep" library="BuiltIn">
<doc>Pauses the test executed for the given time.</doc>
<arguments>
<arg>3 second</arg>
</arguments>
<msg timestamp="20211126 19:25:02.762" level="INFO">Slept 3 seconds</msg>
<status status="PASS" starttime="20211126 19:24:59.755" endtime="20211126 19:25:02.762"></status>
</kw>
<status status="PASS" starttime="20211126 19:24:59.742" endtime="20211126 19:25:02.762"></status>
</kw>
<kw name="When Click Previous button twice">
<kw name="Click Element" library="Selenium2Library">
<doc>Click the element identified by ``locator``.</doc>
<arguments>
<arg>${previous_button}</arg>
</arguments>
<msg timestamp="20211126 19:25:02.763" level="INFO">Clicking element '//*[@title='Previous song']'.</msg>
<status status="PASS" starttime="20211126 19:25:02.763" endtime="20211126 19:25:02.831"></status>
</kw>
<kw name="Click Element" library="Selenium2Library">
<doc>Click the element identified by ``locator``.</doc>
<arguments>
<arg>${previous_button}</arg>
</arguments>
<msg timestamp="20211126 19:25:02.832" level="INFO">Clicking element '//*[@title='Previous song']'.</msg>
<status status="PASS" starttime="20211126 19:25:02.831" endtime="20211126 19:25:03.149"></status>
</kw>
<kw name="Wait Until Page Contains Element" library="Selenium2Library">
<doc>Waits until the element ``locator`` appears on the current page.</doc>
<arguments>
<arg>${play_pause_button}</arg>
</arguments>
<status status="PASS" starttime="20211126 19:25:03.150" endtime="20211126 19:25:03.230"></status>
</kw>
<status status="PASS" starttime="20211126 19:25:02.763" endtime="20211126 19:25:03.230"></status>
</kw>
<kw name="Then The Previous Song Will Play">
<kw name="Wait Until Page Contains Element" library="Selenium2Library">
<doc>Waits until the element ``locator`` appears on the current page.</doc>
<arguments>
<arg>${play_pause_button}</arg>
</arguments>
<status status="PASS" starttime="20211126 19:25:03.231" endtime="20211126 19:25:03.262"></status>
</kw>
<status status="PASS" starttime="20211126 19:25:03.231" endtime="20211126 19:25:03.262"></status>
</kw>
<status status="PASS" starttime="20211126 19:24:59.742" endtime="20211126 19:25:03.263" critical="yes"></status>
</test>
<status status="PASS" starttime="20211126 19:24:33.405" endtime="20211126 19:25:03.265"></status>
</suite>
<statistics>
<total>
<stat pass="7" fail="0">Critical Tests</stat>
<stat pass="7" fail="0">All Tests</stat>
</total>
<tag>
</tag>
<suite>
<stat pass="7" fail="0" id="s1" name="Automation">Automation</stat>
</suite>
</statistics>
<errors>
</errors>
</robot>
